{"C:\\Users\\delll\\Desktop\\Projetos\\BootcampGoStack\\Aulas\\Gobarber\\appgobarber\\src\\components\\Button\\index.tsx": {"path":"C:\\Users\\delll\\Desktop\\Projetos\\BootcampGoStack\\Aulas\\Gobarber\\appgobarber\\src\\components\\Button\\index.tsx","statementMap":{"0":{"start":{"line":10,"column":38},"end":{"line":14,"column":1}},"1":{"start":{"line":11,"column":2},"end":{"line":13,"column":14}}},"fnMap":{"0":{"name":"(anonymous_0)","decl":{"start":{"line":10,"column":38},"end":{"line":10,"column":39}},"loc":{"start":{"line":11,"column":2},"end":{"line":13,"column":14}},"line":11}},"branchMap":{},"s":{"0":1,"1":1},"f":{"0":1},"b":{},"_coverageSchema":"1a1c01bbd47fc00a2c39e90264f33305004495a9","hash":"78cc9a684e1790151f6af198feab6ecad4654d28"}
,"C:\\Users\\delll\\Desktop\\Projetos\\BootcampGoStack\\Aulas\\Gobarber\\appgobarber\\src\\components\\Input\\index.tsx": {"path":"C:\\Users\\delll\\Desktop\\Projetos\\BootcampGoStack\\Aulas\\Gobarber\\appgobarber\\src\\components\\Input\\index.tsx","statementMap":{"0":{"start":{"line":31,"column":66},"end":{"line":98,"column":1}},"1":{"start":{"line":35,"column":26},"end":{"line":35,"column":43}},"2":{"start":{"line":37,"column":65},"end":{"line":37,"column":79}},"3":{"start":{"line":38,"column":24},"end":{"line":38,"column":76}},"4":{"start":{"line":40,"column":36},"end":{"line":40,"column":51}},"5":{"start":{"line":41,"column":34},"end":{"line":41,"column":49}},"6":{"start":{"line":43,"column":27},"end":{"line":45,"column":8}},"7":{"start":{"line":44,"column":4},"end":{"line":44,"column":23}},"8":{"start":{"line":47,"column":26},"end":{"line":52,"column":8}},"9":{"start":{"line":48,"column":4},"end":{"line":48,"column":24}},"10":{"start":{"line":51,"column":4},"end":{"line":51,"column":47}},"11":{"start":{"line":53,"column":2},"end":{"line":58,"column":6}},"12":{"start":{"line":53,"column":34},"end":{"line":58,"column":3}},"13":{"start":{"line":56,"column":6},"end":{"line":56,"column":38}},"14":{"start":{"line":61,"column":2},"end":{"line":76,"column":33}},"15":{"start":{"line":62,"column":4},"end":{"line":75,"column":7}},"16":{"start":{"line":67,"column":8},"end":{"line":67,"column":44}},"17":{"start":{"line":68,"column":8},"end":{"line":68,"column":64}},"18":{"start":{"line":72,"column":8},"end":{"line":72,"column":41}},"19":{"start":{"line":73,"column":8},"end":{"line":73,"column":40}},"20":{"start":{"line":77,"column":2},"end":{"line":97,"column":4}},"21":{"start":{"line":92,"column":10},"end":{"line":92,"column":46}}},"fnMap":{"0":{"name":"(anonymous_0)","decl":{"start":{"line":31,"column":66},"end":{"line":31,"column":67}},"loc":{"start":{"line":34,"column":5},"end":{"line":98,"column":1}},"line":34},"1":{"name":"(anonymous_1)","decl":{"start":{"line":43,"column":39},"end":{"line":43,"column":40}},"loc":{"start":{"line":43,"column":45},"end":{"line":45,"column":3}},"line":43},"2":{"name":"(anonymous_2)","decl":{"start":{"line":47,"column":38},"end":{"line":47,"column":39}},"loc":{"start":{"line":47,"column":44},"end":{"line":52,"column":3}},"line":47},"3":{"name":"(anonymous_3)","decl":{"start":{"line":53,"column":27},"end":{"line":53,"column":28}},"loc":{"start":{"line":53,"column":34},"end":{"line":58,"column":3}},"line":53},"4":{"name":"(anonymous_4)","decl":{"start":{"line":55,"column":4},"end":{"line":55,"column":5}},"loc":{"start":{"line":55,"column":12},"end":{"line":57,"column":5}},"line":55},"5":{"name":"(anonymous_5)","decl":{"start":{"line":61,"column":12},"end":{"line":61,"column":13}},"loc":{"start":{"line":61,"column":18},"end":{"line":76,"column":3}},"line":61},"6":{"name":"(anonymous_6)","decl":{"start":{"line":66,"column":6},"end":{"line":66,"column":7}},"loc":{"start":{"line":66,"column":32},"end":{"line":69,"column":7}},"line":66},"7":{"name":"(anonymous_7)","decl":{"start":{"line":71,"column":6},"end":{"line":71,"column":7}},"loc":{"start":{"line":71,"column":19},"end":{"line":74,"column":7}},"line":71},"8":{"name":"(anonymous_8)","decl":{"start":{"line":91,"column":22},"end":{"line":91,"column":23}},"loc":{"start":{"line":91,"column":31},"end":{"line":93,"column":9}},"line":91}},"branchMap":{"0":{"loc":{"start":{"line":32,"column":16},"end":{"line":32,"column":35}},"type":"default-arg","locations":[{"start":{"line":32,"column":33},"end":{"line":32,"column":35}}],"line":32},"1":{"loc":{"start":{"line":37,"column":25},"end":{"line":37,"column":42}},"type":"default-arg","locations":[{"start":{"line":37,"column":40},"end":{"line":37,"column":42}}],"line":37},"2":{"loc":{"start":{"line":82,"column":15},"end":{"line":82,"column":60}},"type":"cond-expr","locations":[{"start":{"line":82,"column":39},"end":{"line":82,"column":48}},{"start":{"line":82,"column":51},"end":{"line":82,"column":60}}],"line":82},"3":{"loc":{"start":{"line":82,"column":15},"end":{"line":82,"column":36}},"type":"binary-expr","locations":[{"start":{"line":82,"column":15},"end":{"line":82,"column":24}},{"start":{"line":82,"column":28},"end":{"line":82,"column":36}}],"line":82}},"s":{"0":1,"1":2,"2":2,"3":2,"4":2,"5":2,"6":2,"7":0,"8":2,"9":0,"10":0,"11":2,"12":1,"13":0,"14":2,"15":2,"16":0,"17":0,"18":0,"19":0,"20":2,"21":0},"f":{"0":2,"1":0,"2":0,"3":1,"4":0,"5":2,"6":0,"7":0,"8":0},"b":{"0":[2],"1":[2],"2":[0,2],"3":[2,2]},"_coverageSchema":"1a1c01bbd47fc00a2c39e90264f33305004495a9","hash":"d097315e6d7f7236b28760b523e1159426becf20"}
,"C:\\Users\\delll\\Desktop\\Projetos\\BootcampGoStack\\Aulas\\Gobarber\\appgobarber\\src\\pages\\AppointmentCreated\\index.tsx": {"path":"C:\\Users\\delll\\Desktop\\Projetos\\BootcampGoStack\\Aulas\\Gobarber\\appgobarber\\src\\pages\\AppointmentCreated\\index.tsx","statementMap":{"0":{"start":{"line":19,"column":37},"end":{"line":54,"column":1}},"1":{"start":{"line":20,"column":20},"end":{"line":20,"column":35}},"2":{"start":{"line":21,"column":21},"end":{"line":21,"column":31}},"3":{"start":{"line":23,"column":22},"end":{"line":23,"column":43}},"4":{"start":{"line":25,"column":26},"end":{"line":31,"column":13}},"5":{"start":{"line":27,"column":4},"end":{"line":30,"column":7}},"6":{"start":{"line":34,"column":24},"end":{"line":40,"column":24}},"7":{"start":{"line":35,"column":4},"end":{"line":39,"column":6}},"8":{"start":{"line":42,"column":2},"end":{"line":53,"column":4}}},"fnMap":{"0":{"name":"(anonymous_0)","decl":{"start":{"line":19,"column":37},"end":{"line":19,"column":38}},"loc":{"start":{"line":19,"column":43},"end":{"line":54,"column":1}},"line":19},"1":{"name":"(anonymous_1)","decl":{"start":{"line":25,"column":38},"end":{"line":25,"column":39}},"loc":{"start":{"line":25,"column":44},"end":{"line":31,"column":3}},"line":25},"2":{"name":"(anonymous_2)","decl":{"start":{"line":34,"column":32},"end":{"line":34,"column":33}},"loc":{"start":{"line":34,"column":38},"end":{"line":40,"column":3}},"line":34}},"branchMap":{},"s":{"0":0,"1":0,"2":0,"3":0,"4":0,"5":0,"6":0,"7":0,"8":0},"f":{"0":0,"1":0,"2":0},"b":{}}
,"C:\\Users\\delll\\Desktop\\Projetos\\BootcampGoStack\\Aulas\\Gobarber\\appgobarber\\src\\pages\\CreateAppointment\\index.tsx": {"path":"C:\\Users\\delll\\Desktop\\Projetos\\BootcampGoStack\\Aulas\\Gobarber\\appgobarber\\src\\pages\\CreateAppointment\\index.tsx","statementMap":{"0":{"start":{"line":53,"column":36},"end":{"line":268,"column":1}},"1":{"start":{"line":54,"column":19},"end":{"line":54,"column":28}},"2":{"start":{"line":55,"column":16},"end":{"line":55,"column":26}},"3":{"start":{"line":56,"column":31},"end":{"line":56,"column":46}},"4":{"start":{"line":58,"column":22},"end":{"line":58,"column":49}},"5":{"start":{"line":60,"column":42},"end":{"line":60,"column":74}},"6":{"start":{"line":61,"column":46},"end":{"line":61,"column":61}},"7":{"start":{"line":62,"column":42},"end":{"line":62,"column":62}},"8":{"start":{"line":63,"column":42},"end":{"line":63,"column":53}},"9":{"start":{"line":64,"column":36},"end":{"line":64,"column":60}},"10":{"start":{"line":65,"column":50},"end":{"line":67,"column":3}},"11":{"start":{"line":69,"column":2},"end":{"line":73,"column":9}},"12":{"start":{"line":70,"column":4},"end":{"line":72,"column":7}},"13":{"start":{"line":71,"column":6},"end":{"line":71,"column":34}},"14":{"start":{"line":75,"column":2},"end":{"line":87,"column":39}},"15":{"start":{"line":76,"column":4},"end":{"line":86,"column":9}},"16":{"start":{"line":85,"column":8},"end":{"line":85,"column":39}},"17":{"start":{"line":89,"column":23},"end":{"line":91,"column":14}},"18":{"start":{"line":90,"column":4},"end":{"line":90,"column":13}},"19":{"start":{"line":93,"column":33},"end":{"line":95,"column":8}},"20":{"start":{"line":94,"column":4},"end":{"line":94,"column":36}},"21":{"start":{"line":97,"column":33},"end":{"line":99,"column":8}},"22":{"start":{"line":98,"column":4},"end":{"line":98,"column":39}},"23":{"start":{"line":98,"column":31},"end":{"line":98,"column":37}},"24":{"start":{"line":101,"column":28},"end":{"line":112,"column":3}},"25":{"start":{"line":103,"column":6},"end":{"line":105,"column":7}},"26":{"start":{"line":104,"column":8},"end":{"line":104,"column":33}},"27":{"start":{"line":107,"column":6},"end":{"line":109,"column":7}},"28":{"start":{"line":108,"column":8},"end":{"line":108,"column":30}},"29":{"start":{"line":114,"column":27},"end":{"line":116,"column":8}},"30":{"start":{"line":115,"column":4},"end":{"line":115,"column":26}},"31":{"start":{"line":118,"column":34},"end":{"line":138,"column":62}},"32":{"start":{"line":119,"column":4},"end":{"line":137,"column":5}},"33":{"start":{"line":120,"column":19},"end":{"line":120,"column":41}},"34":{"start":{"line":122,"column":6},"end":{"line":122,"column":34}},"35":{"start":{"line":123,"column":6},"end":{"line":123,"column":25}},"36":{"start":{"line":125,"column":6},"end":{"line":128,"column":9}},"37":{"start":{"line":131,"column":6},"end":{"line":131,"column":63}},"38":{"start":{"line":133,"column":6},"end":{"line":136,"column":8}},"39":{"start":{"line":140,"column":30},"end":{"line":150,"column":20}},"40":{"start":{"line":141,"column":4},"end":{"line":149,"column":9}},"41":{"start":{"line":142,"column":28},"end":{"line":142,"column":37}},"42":{"start":{"line":144,"column":8},"end":{"line":148,"column":10}},"43":{"start":{"line":152,"column":32},"end":{"line":162,"column":20}},"44":{"start":{"line":153,"column":4},"end":{"line":161,"column":9}},"45":{"start":{"line":154,"column":28},"end":{"line":154,"column":38}},"46":{"start":{"line":156,"column":8},"end":{"line":160,"column":10}},"47":{"start":{"line":164,"column":2},"end":{"line":267,"column":4}},"48":{"start":{"line":182,"column":38},"end":{"line":182,"column":49}},"49":{"start":{"line":184,"column":14},"end":{"line":192,"column":34}},"50":{"start":{"line":185,"column":31},"end":{"line":185,"column":66}},"51":{"start":{"line":225,"column":16},"end":{"line":235,"column":23}},"52":{"start":{"line":230,"column":33},"end":{"line":230,"column":55}},"53":{"start":{"line":245,"column":18},"end":{"line":255,"column":25}},"54":{"start":{"line":250,"column":35},"end":{"line":250,"column":57}}},"fnMap":{"0":{"name":"(anonymous_0)","decl":{"start":{"line":53,"column":36},"end":{"line":53,"column":37}},"loc":{"start":{"line":53,"column":42},"end":{"line":268,"column":1}},"line":53},"1":{"name":"(anonymous_1)","decl":{"start":{"line":69,"column":12},"end":{"line":69,"column":13}},"loc":{"start":{"line":69,"column":18},"end":{"line":73,"column":3}},"line":69},"2":{"name":"(anonymous_2)","decl":{"start":{"line":70,"column":30},"end":{"line":70,"column":31}},"loc":{"start":{"line":70,"column":42},"end":{"line":72,"column":5}},"line":70},"3":{"name":"(anonymous_3)","decl":{"start":{"line":75,"column":12},"end":{"line":75,"column":13}},"loc":{"start":{"line":75,"column":18},"end":{"line":87,"column":3}},"line":75},"4":{"name":"(anonymous_4)","decl":{"start":{"line":84,"column":12},"end":{"line":84,"column":13}},"loc":{"start":{"line":84,"column":24},"end":{"line":86,"column":7}},"line":84},"5":{"name":"(anonymous_5)","decl":{"start":{"line":89,"column":35},"end":{"line":89,"column":36}},"loc":{"start":{"line":89,"column":41},"end":{"line":91,"column":3}},"line":89},"6":{"name":"(anonymous_6)","decl":{"start":{"line":93,"column":45},"end":{"line":93,"column":46}},"loc":{"start":{"line":93,"column":69},"end":{"line":95,"column":3}},"line":93},"7":{"name":"(anonymous_7)","decl":{"start":{"line":97,"column":45},"end":{"line":97,"column":46}},"loc":{"start":{"line":97,"column":51},"end":{"line":99,"column":3}},"line":97},"8":{"name":"(anonymous_8)","decl":{"start":{"line":98,"column":22},"end":{"line":98,"column":23}},"loc":{"start":{"line":98,"column":31},"end":{"line":98,"column":37}},"line":98},"9":{"name":"(anonymous_9)","decl":{"start":{"line":102,"column":4},"end":{"line":102,"column":5}},"loc":{"start":{"line":102,"column":44},"end":{"line":110,"column":5}},"line":102},"10":{"name":"(anonymous_10)","decl":{"start":{"line":114,"column":39},"end":{"line":114,"column":40}},"loc":{"start":{"line":114,"column":57},"end":{"line":116,"column":3}},"line":114},"11":{"name":"(anonymous_11)","decl":{"start":{"line":118,"column":46},"end":{"line":118,"column":47}},"loc":{"start":{"line":118,"column":58},"end":{"line":138,"column":3}},"line":118},"12":{"name":"(anonymous_12)","decl":{"start":{"line":140,"column":38},"end":{"line":140,"column":39}},"loc":{"start":{"line":140,"column":44},"end":{"line":150,"column":3}},"line":140},"13":{"name":"(anonymous_13)","decl":{"start":{"line":142,"column":14},"end":{"line":142,"column":15}},"loc":{"start":{"line":142,"column":28},"end":{"line":142,"column":37}},"line":142},"14":{"name":"(anonymous_14)","decl":{"start":{"line":143,"column":11},"end":{"line":143,"column":12}},"loc":{"start":{"line":143,"column":36},"end":{"line":149,"column":7}},"line":143},"15":{"name":"(anonymous_15)","decl":{"start":{"line":152,"column":40},"end":{"line":152,"column":41}},"loc":{"start":{"line":152,"column":46},"end":{"line":162,"column":3}},"line":152},"16":{"name":"(anonymous_16)","decl":{"start":{"line":154,"column":14},"end":{"line":154,"column":15}},"loc":{"start":{"line":154,"column":28},"end":{"line":154,"column":38}},"line":154},"17":{"name":"(anonymous_17)","decl":{"start":{"line":155,"column":11},"end":{"line":155,"column":12}},"loc":{"start":{"line":155,"column":36},"end":{"line":161,"column":7}},"line":155},"18":{"name":"(anonymous_18)","decl":{"start":{"line":182,"column":26},"end":{"line":182,"column":27}},"loc":{"start":{"line":182,"column":38},"end":{"line":182,"column":49}},"line":182},"19":{"name":"(anonymous_19)","decl":{"start":{"line":183,"column":24},"end":{"line":183,"column":25}},"loc":{"start":{"line":184,"column":14},"end":{"line":192,"column":34}},"line":184},"20":{"name":"(anonymous_20)","decl":{"start":{"line":185,"column":25},"end":{"line":185,"column":26}},"loc":{"start":{"line":185,"column":31},"end":{"line":185,"column":66}},"line":185},"21":{"name":"(anonymous_21)","decl":{"start":{"line":224,"column":39},"end":{"line":224,"column":40}},"loc":{"start":{"line":225,"column":16},"end":{"line":235,"column":23}},"line":225},"22":{"name":"(anonymous_22)","decl":{"start":{"line":230,"column":27},"end":{"line":230,"column":28}},"loc":{"start":{"line":230,"column":33},"end":{"line":230,"column":55}},"line":230},"23":{"name":"(anonymous_23)","decl":{"start":{"line":244,"column":16},"end":{"line":244,"column":17}},"loc":{"start":{"line":245,"column":18},"end":{"line":255,"column":25}},"line":245},"24":{"name":"(anonymous_24)","decl":{"start":{"line":250,"column":29},"end":{"line":250,"column":30}},"loc":{"start":{"line":250,"column":35},"end":{"line":250,"column":57}},"line":250}},"branchMap":{"0":{"loc":{"start":{"line":103,"column":6},"end":{"line":105,"column":7}},"type":"if","locations":[{"start":{"line":103,"column":6},"end":{"line":105,"column":7}},{"start":{"line":103,"column":6},"end":{"line":105,"column":7}}],"line":103},"1":{"loc":{"start":{"line":107,"column":6},"end":{"line":109,"column":7}},"type":"if","locations":[{"start":{"line":107,"column":6},"end":{"line":109,"column":7}},{"start":{"line":107,"column":6},"end":{"line":109,"column":7}}],"line":107},"2":{"loc":{"start":{"line":206,"column":11},"end":{"line":214,"column":11}},"type":"binary-expr","locations":[{"start":{"line":206,"column":11},"end":{"line":206,"column":25}},{"start":{"line":207,"column":12},"end":{"line":213,"column":14}}],"line":206}},"s":{"0":0,"1":0,"2":0,"3":0,"4":0,"5":0,"6":0,"7":0,"8":0,"9":0,"10":0,"11":0,"12":0,"13":0,"14":0,"15":0,"16":0,"17":0,"18":0,"19":0,"20":0,"21":0,"22":0,"23":0,"24":0,"25":0,"26":0,"27":0,"28":0,"29":0,"30":0,"31":0,"32":0,"33":0,"34":0,"35":0,"36":0,"37":0,"38":0,"39":0,"40":0,"41":0,"42":0,"43":0,"44":0,"45":0,"46":0,"47":0,"48":0,"49":0,"50":0,"51":0,"52":0,"53":0,"54":0},"f":{"0":0,"1":0,"2":0,"3":0,"4":0,"5":0,"6":0,"7":0,"8":0,"9":0,"10":0,"11":0,"12":0,"13":0,"14":0,"15":0,"16":0,"17":0,"18":0,"19":0,"20":0,"21":0,"22":0,"23":0,"24":0},"b":{"0":[0,0],"1":[0,0],"2":[0,0]}}
,"C:\\Users\\delll\\Desktop\\Projetos\\BootcampGoStack\\Aulas\\Gobarber\\appgobarber\\src\\pages\\Dashboard\\index.tsx": {"path":"C:\\Users\\delll\\Desktop\\Projetos\\BootcampGoStack\\Aulas\\Gobarber\\appgobarber\\src\\pages\\Dashboard\\index.tsx","statementMap":{"0":{"start":{"line":31,"column":28},"end":{"line":101,"column":1}},"1":{"start":{"line":32,"column":36},"end":{"line":32,"column":60}},"2":{"start":{"line":34,"column":28},"end":{"line":34,"column":37}},"3":{"start":{"line":35,"column":23},"end":{"line":35,"column":38}},"4":{"start":{"line":37,"column":2},"end":{"line":41,"column":9}},"5":{"start":{"line":38,"column":4},"end":{"line":40,"column":7}},"6":{"start":{"line":39,"column":6},"end":{"line":39,"column":34}},"7":{"start":{"line":43,"column":28},"end":{"line":45,"column":16}},"8":{"start":{"line":44,"column":4},"end":{"line":44,"column":24}},"9":{"start":{"line":51,"column":38},"end":{"line":56,"column":3}},"10":{"start":{"line":53,"column":6},"end":{"line":53,"column":52}},"11":{"start":{"line":57,"column":2},"end":{"line":100,"column":4}},"12":{"start":{"line":73,"column":34},"end":{"line":73,"column":45}},"13":{"start":{"line":78,"column":10},"end":{"line":96,"column":30}},"14":{"start":{"line":79,"column":27},"end":{"line":79,"column":67}}},"fnMap":{"0":{"name":"(anonymous_0)","decl":{"start":{"line":31,"column":28},"end":{"line":31,"column":29}},"loc":{"start":{"line":31,"column":34},"end":{"line":101,"column":1}},"line":31},"1":{"name":"(anonymous_1)","decl":{"start":{"line":37,"column":12},"end":{"line":37,"column":13}},"loc":{"start":{"line":37,"column":18},"end":{"line":41,"column":3}},"line":37},"2":{"name":"(anonymous_2)","decl":{"start":{"line":38,"column":30},"end":{"line":38,"column":31}},"loc":{"start":{"line":38,"column":42},"end":{"line":40,"column":5}},"line":38},"3":{"name":"(anonymous_3)","decl":{"start":{"line":43,"column":40},"end":{"line":43,"column":41}},"loc":{"start":{"line":43,"column":46},"end":{"line":45,"column":3}},"line":43},"4":{"name":"(anonymous_4)","decl":{"start":{"line":52,"column":4},"end":{"line":52,"column":5}},"loc":{"start":{"line":52,"column":28},"end":{"line":54,"column":5}},"line":52},"5":{"name":"(anonymous_5)","decl":{"start":{"line":73,"column":22},"end":{"line":73,"column":23}},"loc":{"start":{"line":73,"column":34},"end":{"line":73,"column":45}},"line":73},"6":{"name":"(anonymous_6)","decl":{"start":{"line":77,"column":20},"end":{"line":77,"column":21}},"loc":{"start":{"line":78,"column":10},"end":{"line":96,"column":30}},"line":78},"7":{"name":"(anonymous_7)","decl":{"start":{"line":79,"column":21},"end":{"line":79,"column":22}},"loc":{"start":{"line":79,"column":27},"end":{"line":79,"column":67}},"line":79}},"branchMap":{},"s":{"0":0,"1":0,"2":0,"3":0,"4":0,"5":0,"6":0,"7":0,"8":0,"9":0,"10":0,"11":0,"12":0,"13":0,"14":0},"f":{"0":0,"1":0,"2":0,"3":0,"4":0,"5":0,"6":0,"7":0},"b":{}}
,"C:\\Users\\delll\\Desktop\\Projetos\\BootcampGoStack\\Aulas\\Gobarber\\appgobarber\\src\\pages\\Profile\\index.tsx": {"path":"C:\\Users\\delll\\Desktop\\Projetos\\BootcampGoStack\\Aulas\\Gobarber\\appgobarber\\src\\pages\\Profile\\index.tsx","statementMap":{"0":{"start":{"line":41,"column":26},"end":{"line":257,"column":1}},"1":{"start":{"line":42,"column":31},"end":{"line":42,"column":40}},"2":{"start":{"line":43,"column":18},"end":{"line":43,"column":43}},"3":{"start":{"line":44,"column":21},"end":{"line":44,"column":36}},"4":{"start":{"line":46,"column":24},"end":{"line":46,"column":47}},"5":{"start":{"line":47,"column":30},"end":{"line":47,"column":53}},"6":{"start":{"line":48,"column":27},"end":{"line":48,"column":50}},"7":{"start":{"line":49,"column":34},"end":{"line":49,"column":57}},"8":{"start":{"line":51,"column":23},"end":{"line":128,"column":3}},"9":{"start":{"line":53,"column":6},"end":{"line":125,"column":7}},"10":{"start":{"line":54,"column":8},"end":{"line":54,"column":39}},"11":{"start":{"line":56,"column":23},"end":{"line":74,"column":10}},"12":{"start":{"line":63,"column":23},"end":{"line":63,"column":35}},"13":{"start":{"line":69,"column":25},"end":{"line":69,"column":37}},"14":{"start":{"line":76,"column":8},"end":{"line":78,"column":11}},"15":{"start":{"line":86,"column":12},"end":{"line":86,"column":16}},"16":{"start":{"line":90,"column":25},"end":{"line":100,"column":9}},"17":{"start":{"line":102,"column":25},"end":{"line":102,"column":60}},"18":{"start":{"line":105,"column":8},"end":{"line":105,"column":34}},"19":{"start":{"line":107,"column":8},"end":{"line":107,"column":53}},"20":{"start":{"line":109,"column":8},"end":{"line":109,"column":28}},"21":{"start":{"line":112,"column":8},"end":{"line":118,"column":9}},"22":{"start":{"line":113,"column":25},"end":{"line":113,"column":49}},"23":{"start":{"line":115,"column":10},"end":{"line":115,"column":45}},"24":{"start":{"line":117,"column":10},"end":{"line":117,"column":17}},"25":{"start":{"line":121,"column":8},"end":{"line":124,"column":10}},"26":{"start":{"line":130,"column":29},"end":{"line":164,"column":27}},"27":{"start":{"line":131,"column":4},"end":{"line":163,"column":6}},"28":{"start":{"line":139,"column":8},"end":{"line":141,"column":9}},"29":{"start":{"line":140,"column":10},"end":{"line":140,"column":17}},"30":{"start":{"line":143,"column":8},"end":{"line":146,"column":9}},"31":{"start":{"line":144,"column":10},"end":{"line":144,"column":55}},"32":{"start":{"line":145,"column":10},"end":{"line":145,"column":17}},"33":{"start":{"line":148,"column":21},"end":{"line":148,"column":35}},"34":{"start":{"line":150,"column":8},"end":{"line":154,"column":11}},"35":{"start":{"line":156,"column":8},"end":{"line":158,"column":11}},"36":{"start":{"line":157,"column":10},"end":{"line":157,"column":39}},"37":{"start":{"line":166,"column":23},"end":{"line":168,"column":18}},"38":{"start":{"line":167,"column":4},"end":{"line":167,"column":24}},"39":{"start":{"line":170,"column":2},"end":{"line":256,"column":4}},"40":{"start":{"line":199,"column":18},"end":{"line":199,"column":49}},"41":{"start":{"line":212,"column":18},"end":{"line":212,"column":55}},"42":{"start":{"line":224,"column":39},"end":{"line":224,"column":72}},"43":{"start":{"line":235,"column":39},"end":{"line":235,"column":79}},"44":{"start":{"line":246,"column":39},"end":{"line":246,"column":68}},"45":{"start":{"line":249,"column":35},"end":{"line":249,"column":64}}},"fnMap":{"0":{"name":"(anonymous_0)","decl":{"start":{"line":41,"column":26},"end":{"line":41,"column":27}},"loc":{"start":{"line":41,"column":32},"end":{"line":257,"column":1}},"line":41},"1":{"name":"(anonymous_1)","decl":{"start":{"line":52,"column":4},"end":{"line":52,"column":5}},"loc":{"start":{"line":52,"column":37},"end":{"line":126,"column":5}},"line":52},"2":{"name":"(anonymous_2)","decl":{"start":{"line":63,"column":16},"end":{"line":63,"column":17}},"loc":{"start":{"line":63,"column":23},"end":{"line":63,"column":35}},"line":63},"3":{"name":"(anonymous_3)","decl":{"start":{"line":69,"column":18},"end":{"line":69,"column":19}},"loc":{"start":{"line":69,"column":25},"end":{"line":69,"column":37}},"line":69},"4":{"name":"(anonymous_4)","decl":{"start":{"line":130,"column":41},"end":{"line":130,"column":42}},"loc":{"start":{"line":130,"column":47},"end":{"line":164,"column":3}},"line":130},"5":{"name":"(anonymous_5)","decl":{"start":{"line":138,"column":6},"end":{"line":138,"column":7}},"loc":{"start":{"line":138,"column":18},"end":{"line":162,"column":7}},"line":138},"6":{"name":"(anonymous_6)","decl":{"start":{"line":156,"column":45},"end":{"line":156,"column":46}},"loc":{"start":{"line":156,"column":60},"end":{"line":158,"column":9}},"line":156},"7":{"name":"(anonymous_7)","decl":{"start":{"line":166,"column":35},"end":{"line":166,"column":36}},"loc":{"start":{"line":166,"column":41},"end":{"line":168,"column":3}},"line":166},"8":{"name":"(anonymous_8)","decl":{"start":{"line":198,"column":33},"end":{"line":198,"column":34}},"loc":{"start":{"line":198,"column":39},"end":{"line":200,"column":17}},"line":198},"9":{"name":"(anonymous_9)","decl":{"start":{"line":211,"column":33},"end":{"line":211,"column":34}},"loc":{"start":{"line":211,"column":39},"end":{"line":213,"column":17}},"line":211},"10":{"name":"(anonymous_10)","decl":{"start":{"line":224,"column":33},"end":{"line":224,"column":34}},"loc":{"start":{"line":224,"column":39},"end":{"line":224,"column":72}},"line":224},"11":{"name":"(anonymous_11)","decl":{"start":{"line":235,"column":33},"end":{"line":235,"column":34}},"loc":{"start":{"line":235,"column":39},"end":{"line":235,"column":79}},"line":235},"12":{"name":"(anonymous_12)","decl":{"start":{"line":246,"column":33},"end":{"line":246,"column":34}},"loc":{"start":{"line":246,"column":39},"end":{"line":246,"column":68}},"line":246},"13":{"name":"(anonymous_13)","decl":{"start":{"line":249,"column":29},"end":{"line":249,"column":30}},"loc":{"start":{"line":249,"column":35},"end":{"line":249,"column":64}},"line":249}},"branchMap":{"0":{"loc":{"start":{"line":93,"column":14},"end":{"line":99,"column":16}},"type":"cond-expr","locations":[{"start":{"line":94,"column":14},"end":{"line":98,"column":15}},{"start":{"line":99,"column":14},"end":{"line":99,"column":16}}],"line":93},"1":{"loc":{"start":{"line":112,"column":8},"end":{"line":118,"column":9}},"type":"if","locations":[{"start":{"line":112,"column":8},"end":{"line":118,"column":9}},{"start":{"line":112,"column":8},"end":{"line":118,"column":9}}],"line":112},"2":{"loc":{"start":{"line":139,"column":8},"end":{"line":141,"column":9}},"type":"if","locations":[{"start":{"line":139,"column":8},"end":{"line":141,"column":9}},{"start":{"line":139,"column":8},"end":{"line":141,"column":9}}],"line":139},"3":{"loc":{"start":{"line":143,"column":8},"end":{"line":146,"column":9}},"type":"if","locations":[{"start":{"line":143,"column":8},"end":{"line":146,"column":9}},{"start":{"line":143,"column":8},"end":{"line":146,"column":9}}],"line":143},"4":{"loc":{"start":{"line":174,"column":18},"end":{"line":174,"column":63}},"type":"cond-expr","locations":[{"start":{"line":174,"column":42},"end":{"line":174,"column":51}},{"start":{"line":174,"column":54},"end":{"line":174,"column":63}}],"line":174}},"s":{"0":0,"1":0,"2":0,"3":0,"4":0,"5":0,"6":0,"7":0,"8":0,"9":0,"10":0,"11":0,"12":0,"13":0,"14":0,"15":0,"16":0,"17":0,"18":0,"19":0,"20":0,"21":0,"22":0,"23":0,"24":0,"25":0,"26":0,"27":0,"28":0,"29":0,"30":0,"31":0,"32":0,"33":0,"34":0,"35":0,"36":0,"37":0,"38":0,"39":0,"40":0,"41":0,"42":0,"43":0,"44":0,"45":0},"f":{"0":0,"1":0,"2":0,"3":0,"4":0,"5":0,"6":0,"7":0,"8":0,"9":0,"10":0,"11":0,"12":0,"13":0},"b":{"0":[0,0],"1":[0,0],"2":[0,0],"3":[0,0],"4":[0,0]}}
,"C:\\Users\\delll\\Desktop\\Projetos\\BootcampGoStack\\Aulas\\Gobarber\\appgobarber\\src\\pages\\SignIn\\index.tsx": {"path":"C:\\Users\\delll\\Desktop\\Projetos\\BootcampGoStack\\Aulas\\Gobarber\\appgobarber\\src\\pages\\SignIn\\index.tsx","statementMap":{"0":{"start":{"line":43,"column":25},"end":{"line":152,"column":1}},"1":{"start":{"line":44,"column":18},"end":{"line":44,"column":43}},"2":{"start":{"line":45,"column":27},"end":{"line":45,"column":50}},"3":{"start":{"line":47,"column":21},"end":{"line":47,"column":36}},"4":{"start":{"line":49,"column":21},"end":{"line":49,"column":30}},"5":{"start":{"line":51,"column":23},"end":{"line":90,"column":3}},"6":{"start":{"line":53,"column":6},"end":{"line":87,"column":7}},"7":{"start":{"line":54,"column":8},"end":{"line":54,"column":39}},"8":{"start":{"line":56,"column":23},"end":{"line":61,"column":10}},"9":{"start":{"line":63,"column":8},"end":{"line":65,"column":11}},"10":{"start":{"line":67,"column":8},"end":{"line":70,"column":11}},"11":{"start":{"line":75,"column":8},"end":{"line":81,"column":9}},"12":{"start":{"line":76,"column":25},"end":{"line":76,"column":49}},"13":{"start":{"line":78,"column":10},"end":{"line":78,"column":45}},"14":{"start":{"line":80,"column":10},"end":{"line":80,"column":17}},"15":{"start":{"line":83,"column":8},"end":{"line":86,"column":10}},"16":{"start":{"line":92,"column":2},"end":{"line":151,"column":4}},"17":{"start":{"line":119,"column":18},"end":{"line":119,"column":52}},"18":{"start":{"line":130,"column":18},"end":{"line":130,"column":48}},"19":{"start":{"line":135,"column":29},"end":{"line":135,"column":58}},"20":{"start":{"line":146,"column":42},"end":{"line":146,"column":71}}},"fnMap":{"0":{"name":"(anonymous_0)","decl":{"start":{"line":43,"column":25},"end":{"line":43,"column":26}},"loc":{"start":{"line":43,"column":31},"end":{"line":152,"column":1}},"line":43},"1":{"name":"(anonymous_1)","decl":{"start":{"line":52,"column":4},"end":{"line":52,"column":5}},"loc":{"start":{"line":52,"column":36},"end":{"line":88,"column":5}},"line":52},"2":{"name":"(anonymous_2)","decl":{"start":{"line":118,"column":33},"end":{"line":118,"column":34}},"loc":{"start":{"line":118,"column":39},"end":{"line":120,"column":17}},"line":118},"3":{"name":"(anonymous_3)","decl":{"start":{"line":129,"column":33},"end":{"line":129,"column":34}},"loc":{"start":{"line":129,"column":39},"end":{"line":131,"column":17}},"line":129},"4":{"name":"(anonymous_4)","decl":{"start":{"line":135,"column":23},"end":{"line":135,"column":24}},"loc":{"start":{"line":135,"column":29},"end":{"line":135,"column":58}},"line":135},"5":{"name":"(anonymous_5)","decl":{"start":{"line":140,"column":37},"end":{"line":140,"column":38}},"loc":{"start":{"line":140,"column":43},"end":{"line":140,"column":46}},"line":140},"6":{"name":"(anonymous_6)","decl":{"start":{"line":146,"column":36},"end":{"line":146,"column":37}},"loc":{"start":{"line":146,"column":42},"end":{"line":146,"column":71}},"line":146}},"branchMap":{"0":{"loc":{"start":{"line":75,"column":8},"end":{"line":81,"column":9}},"type":"if","locations":[{"start":{"line":75,"column":8},"end":{"line":81,"column":9}},{"start":{"line":75,"column":8},"end":{"line":81,"column":9}}],"line":75},"1":{"loc":{"start":{"line":96,"column":18},"end":{"line":96,"column":63}},"type":"cond-expr","locations":[{"start":{"line":96,"column":42},"end":{"line":96,"column":51}},{"start":{"line":96,"column":54},"end":{"line":96,"column":63}}],"line":96}},"s":{"0":1,"1":1,"2":1,"3":1,"4":1,"5":1,"6":0,"7":0,"8":0,"9":0,"10":0,"11":0,"12":0,"13":0,"14":0,"15":0,"16":1,"17":0,"18":0,"19":0,"20":0},"f":{"0":1,"1":0,"2":0,"3":0,"4":0,"5":0,"6":0},"b":{"0":[0,0],"1":[1,0]},"_coverageSchema":"1a1c01bbd47fc00a2c39e90264f33305004495a9","hash":"3db6ae3e81ae74827e2f7b6c6548fb47b4e08e83"}
,"C:\\Users\\delll\\Desktop\\Projetos\\BootcampGoStack\\Aulas\\Gobarber\\appgobarber\\src\\pages\\SignUp\\index.tsx": {"path":"C:\\Users\\delll\\Desktop\\Projetos\\BootcampGoStack\\Aulas\\Gobarber\\appgobarber\\src\\pages\\SignUp\\index.tsx","statementMap":{"0":{"start":{"line":34,"column":25},"end":{"line":149,"column":1}},"1":{"start":{"line":35,"column":18},"end":{"line":35,"column":43}},"2":{"start":{"line":36,"column":21},"end":{"line":36,"column":36}},"3":{"start":{"line":38,"column":24},"end":{"line":38,"column":47}},"4":{"start":{"line":39,"column":27},"end":{"line":39,"column":50}},"5":{"start":{"line":41,"column":23},"end":{"line":84,"column":3}},"6":{"start":{"line":43,"column":6},"end":{"line":81,"column":7}},"7":{"start":{"line":44,"column":8},"end":{"line":44,"column":39}},"8":{"start":{"line":46,"column":23},"end":{"line":52,"column":10}},"9":{"start":{"line":54,"column":8},"end":{"line":56,"column":11}},"10":{"start":{"line":58,"column":8},"end":{"line":58,"column":39}},"11":{"start":{"line":60,"column":8},"end":{"line":63,"column":10}},"12":{"start":{"line":65,"column":8},"end":{"line":65,"column":28}},"13":{"start":{"line":68,"column":8},"end":{"line":74,"column":9}},"14":{"start":{"line":69,"column":25},"end":{"line":69,"column":49}},"15":{"start":{"line":71,"column":10},"end":{"line":71,"column":45}},"16":{"start":{"line":73,"column":10},"end":{"line":73,"column":17}},"17":{"start":{"line":77,"column":8},"end":{"line":80,"column":10}},"18":{"start":{"line":86,"column":2},"end":{"line":148,"column":4}},"19":{"start":{"line":110,"column":18},"end":{"line":110,"column":49}},"20":{"start":{"line":123,"column":18},"end":{"line":123,"column":52}},"21":{"start":{"line":134,"column":39},"end":{"line":134,"column":68}},"22":{"start":{"line":137,"column":35},"end":{"line":137,"column":64}},"23":{"start":{"line":143,"column":35},"end":{"line":143,"column":54}}},"fnMap":{"0":{"name":"(anonymous_0)","decl":{"start":{"line":34,"column":25},"end":{"line":34,"column":26}},"loc":{"start":{"line":34,"column":31},"end":{"line":149,"column":1}},"line":34},"1":{"name":"(anonymous_1)","decl":{"start":{"line":42,"column":4},"end":{"line":42,"column":5}},"loc":{"start":{"line":42,"column":36},"end":{"line":82,"column":5}},"line":42},"2":{"name":"(anonymous_2)","decl":{"start":{"line":109,"column":33},"end":{"line":109,"column":34}},"loc":{"start":{"line":109,"column":39},"end":{"line":111,"column":17}},"line":109},"3":{"name":"(anonymous_3)","decl":{"start":{"line":122,"column":33},"end":{"line":122,"column":34}},"loc":{"start":{"line":122,"column":39},"end":{"line":124,"column":17}},"line":122},"4":{"name":"(anonymous_4)","decl":{"start":{"line":134,"column":33},"end":{"line":134,"column":34}},"loc":{"start":{"line":134,"column":39},"end":{"line":134,"column":68}},"line":134},"5":{"name":"(anonymous_5)","decl":{"start":{"line":137,"column":29},"end":{"line":137,"column":30}},"loc":{"start":{"line":137,"column":35},"end":{"line":137,"column":64}},"line":137},"6":{"name":"(anonymous_6)","decl":{"start":{"line":143,"column":29},"end":{"line":143,"column":30}},"loc":{"start":{"line":143,"column":35},"end":{"line":143,"column":54}},"line":143}},"branchMap":{"0":{"loc":{"start":{"line":68,"column":8},"end":{"line":74,"column":9}},"type":"if","locations":[{"start":{"line":68,"column":8},"end":{"line":74,"column":9}},{"start":{"line":68,"column":8},"end":{"line":74,"column":9}}],"line":68},"1":{"loc":{"start":{"line":90,"column":18},"end":{"line":90,"column":63}},"type":"cond-expr","locations":[{"start":{"line":90,"column":42},"end":{"line":90,"column":51}},{"start":{"line":90,"column":54},"end":{"line":90,"column":63}}],"line":90}},"s":{"0":0,"1":0,"2":0,"3":0,"4":0,"5":0,"6":0,"7":0,"8":0,"9":0,"10":0,"11":0,"12":0,"13":0,"14":0,"15":0,"16":0,"17":0,"18":0,"19":0,"20":0,"21":0,"22":0,"23":0},"f":{"0":0,"1":0,"2":0,"3":0,"4":0,"5":0,"6":0},"b":{"0":[0,0],"1":[0,0]}}
}
