TN:
SF:src\components\Button\index.tsx
FN:10,(anonymous_0)
FNF:1
FNH:1
FNDA:1,(anonymous_0)
DA:10,1
DA:11,1
LF:2
LH:2
BRF:0
BRH:0
end_of_record
TN:
SF:src\components\Input\index.tsx
FN:31,(anonymous_0)
FN:43,(anonymous_1)
FN:47,(anonymous_2)
FN:53,(anonymous_3)
FN:55,(anonymous_4)
FN:61,(anonymous_5)
FN:66,(anonymous_6)
FN:71,(anonymous_7)
FN:91,(anonymous_8)
FNF:9
FNH:3
FNDA:2,(anonymous_0)
FNDA:0,(anonymous_1)
FNDA:0,(anonymous_2)
FNDA:1,(anonymous_3)
FNDA:0,(anonymous_4)
FNDA:2,(anonymous_5)
FNDA:0,(anonymous_6)
FNDA:0,(anonymous_7)
FNDA:0,(anonymous_8)
DA:31,1
DA:35,2
DA:37,2
DA:38,2
DA:40,2
DA:41,2
DA:43,2
DA:44,0
DA:47,2
DA:48,0
DA:51,0
DA:53,2
DA:56,0
DA:61,2
DA:62,2
DA:67,0
DA:68,0
DA:72,0
DA:73,0
DA:77,2
DA:92,0
LF:21
LH:12
BRDA:32,0,0,2
BRDA:37,1,0,2
BRDA:82,2,0,0
BRDA:82,2,1,2
BRDA:82,3,0,2
BRDA:82,3,1,2
BRF:6
BRH:5
end_of_record
TN:
SF:src\pages\AppointmentCreated\index.tsx
FN:19,(anonymous_0)
FN:25,(anonymous_1)
FN:34,(anonymous_2)
FNF:3
FNH:0
FNDA:0,(anonymous_0)
FNDA:0,(anonymous_1)
FNDA:0,(anonymous_2)
DA:19,0
DA:20,0
DA:21,0
DA:23,0
DA:25,0
DA:27,0
DA:34,0
DA:35,0
DA:42,0
LF:9
LH:0
BRF:0
BRH:0
end_of_record
TN:
SF:src\pages\CreateAppointment\index.tsx
FN:53,(anonymous_0)
FN:69,(anonymous_1)
FN:70,(anonymous_2)
FN:75,(anonymous_3)
FN:84,(anonymous_4)
FN:89,(anonymous_5)
FN:93,(anonymous_6)
FN:97,(anonymous_7)
FN:98,(anonymous_8)
FN:102,(anonymous_9)
FN:114,(anonymous_10)
FN:118,(anonymous_11)
FN:140,(anonymous_12)
FN:142,(anonymous_13)
FN:143,(anonymous_14)
FN:152,(anonymous_15)
FN:154,(anonymous_16)
FN:155,(anonymous_17)
FN:182,(anonymous_18)
FN:183,(anonymous_19)
FN:185,(anonymous_20)
FN:224,(anonymous_21)
FN:230,(anonymous_22)
FN:244,(anonymous_23)
FN:250,(anonymous_24)
FNF:25
FNH:0
FNDA:0,(anonymous_0)
FNDA:0,(anonymous_1)
FNDA:0,(anonymous_2)
FNDA:0,(anonymous_3)
FNDA:0,(anonymous_4)
FNDA:0,(anonymous_5)
FNDA:0,(anonymous_6)
FNDA:0,(anonymous_7)
FNDA:0,(anonymous_8)
FNDA:0,(anonymous_9)
FNDA:0,(anonymous_10)
FNDA:0,(anonymous_11)
FNDA:0,(anonymous_12)
FNDA:0,(anonymous_13)
FNDA:0,(anonymous_14)
FNDA:0,(anonymous_15)
FNDA:0,(anonymous_16)
FNDA:0,(anonymous_17)
FNDA:0,(anonymous_18)
FNDA:0,(anonymous_19)
FNDA:0,(anonymous_20)
FNDA:0,(anonymous_21)
FNDA:0,(anonymous_22)
FNDA:0,(anonymous_23)
FNDA:0,(anonymous_24)
DA:53,0
DA:54,0
DA:55,0
DA:56,0
DA:58,0
DA:60,0
DA:61,0
DA:62,0
DA:63,0
DA:64,0
DA:65,0
DA:69,0
DA:70,0
DA:71,0
DA:75,0
DA:76,0
DA:85,0
DA:89,0
DA:90,0
DA:93,0
DA:94,0
DA:97,0
DA:98,0
DA:101,0
DA:103,0
DA:104,0
DA:107,0
DA:108,0
DA:114,0
DA:115,0
DA:118,0
DA:119,0
DA:120,0
DA:122,0
DA:123,0
DA:125,0
DA:131,0
DA:133,0
DA:140,0
DA:141,0
DA:142,0
DA:144,0
DA:152,0
DA:153,0
DA:154,0
DA:156,0
DA:164,0
DA:182,0
DA:184,0
DA:185,0
DA:225,0
DA:230,0
DA:245,0
DA:250,0
LF:54
LH:0
BRDA:103,0,0,0
BRDA:103,0,1,0
BRDA:107,1,0,0
BRDA:107,1,1,0
BRDA:206,2,0,0
BRDA:206,2,1,0
BRF:6
BRH:0
end_of_record
TN:
SF:src\pages\Dashboard\index.tsx
FN:31,(anonymous_0)
FN:37,(anonymous_1)
FN:38,(anonymous_2)
FN:43,(anonymous_3)
FN:52,(anonymous_4)
FN:73,(anonymous_5)
FN:77,(anonymous_6)
FN:79,(anonymous_7)
FNF:8
FNH:0
FNDA:0,(anonymous_0)
FNDA:0,(anonymous_1)
FNDA:0,(anonymous_2)
FNDA:0,(anonymous_3)
FNDA:0,(anonymous_4)
FNDA:0,(anonymous_5)
FNDA:0,(anonymous_6)
FNDA:0,(anonymous_7)
DA:31,0
DA:32,0
DA:34,0
DA:35,0
DA:37,0
DA:38,0
DA:39,0
DA:43,0
DA:44,0
DA:51,0
DA:53,0
DA:57,0
DA:73,0
DA:78,0
DA:79,0
LF:15
LH:0
BRF:0
BRH:0
end_of_record
TN:
SF:src\pages\Profile\index.tsx
FN:41,(anonymous_0)
FN:52,(anonymous_1)
FN:63,(anonymous_2)
FN:69,(anonymous_3)
FN:130,(anonymous_4)
FN:138,(anonymous_5)
FN:156,(anonymous_6)
FN:166,(anonymous_7)
FN:198,(anonymous_8)
FN:211,(anonymous_9)
FN:224,(anonymous_10)
FN:235,(anonymous_11)
FN:246,(anonymous_12)
FN:249,(anonymous_13)
FNF:14
FNH:0
FNDA:0,(anonymous_0)
FNDA:0,(anonymous_1)
FNDA:0,(anonymous_2)
FNDA:0,(anonymous_3)
FNDA:0,(anonymous_4)
FNDA:0,(anonymous_5)
FNDA:0,(anonymous_6)
FNDA:0,(anonymous_7)
FNDA:0,(anonymous_8)
FNDA:0,(anonymous_9)
FNDA:0,(anonymous_10)
FNDA:0,(anonymous_11)
FNDA:0,(anonymous_12)
FNDA:0,(anonymous_13)
DA:41,0
DA:42,0
DA:43,0
DA:44,0
DA:46,0
DA:47,0
DA:48,0
DA:49,0
DA:51,0
DA:53,0
DA:54,0
DA:56,0
DA:63,0
DA:69,0
DA:76,0
DA:86,0
DA:90,0
DA:102,0
DA:105,0
DA:107,0
DA:109,0
DA:112,0
DA:113,0
DA:115,0
DA:117,0
DA:121,0
DA:130,0
DA:131,0
DA:139,0
DA:140,0
DA:143,0
DA:144,0
DA:145,0
DA:148,0
DA:150,0
DA:156,0
DA:157,0
DA:166,0
DA:167,0
DA:170,0
DA:199,0
DA:212,0
DA:224,0
DA:235,0
DA:246,0
DA:249,0
LF:46
LH:0
BRDA:93,0,0,0
BRDA:93,0,1,0
BRDA:112,1,0,0
BRDA:112,1,1,0
BRDA:139,2,0,0
BRDA:139,2,1,0
BRDA:143,3,0,0
BRDA:143,3,1,0
BRDA:174,4,0,0
BRDA:174,4,1,0
BRF:10
BRH:0
end_of_record
TN:
SF:src\pages\SignIn\index.tsx
FN:43,(anonymous_0)
FN:52,(anonymous_1)
FN:118,(anonymous_2)
FN:129,(anonymous_3)
FN:135,(anonymous_4)
FN:140,(anonymous_5)
FN:146,(anonymous_6)
FNF:7
FNH:1
FNDA:1,(anonymous_0)
FNDA:0,(anonymous_1)
FNDA:0,(anonymous_2)
FNDA:0,(anonymous_3)
FNDA:0,(anonymous_4)
FNDA:0,(anonymous_5)
FNDA:0,(anonymous_6)
DA:43,1
DA:44,1
DA:45,1
DA:47,1
DA:49,1
DA:51,1
DA:53,0
DA:54,0
DA:56,0
DA:63,0
DA:67,0
DA:75,0
DA:76,0
DA:78,0
DA:80,0
DA:83,0
DA:92,1
DA:119,0
DA:130,0
DA:135,0
DA:146,0
LF:21
LH:7
BRDA:75,0,0,0
BRDA:75,0,1,0
BRDA:96,1,0,1
BRDA:96,1,1,0
BRF:4
BRH:1
end_of_record
TN:
SF:src\pages\SignUp\index.tsx
FN:34,(anonymous_0)
FN:42,(anonymous_1)
FN:109,(anonymous_2)
FN:122,(anonymous_3)
FN:134,(anonymous_4)
FN:137,(anonymous_5)
FN:143,(anonymous_6)
FNF:7
FNH:0
FNDA:0,(anonymous_0)
FNDA:0,(anonymous_1)
FNDA:0,(anonymous_2)
FNDA:0,(anonymous_3)
FNDA:0,(anonymous_4)
FNDA:0,(anonymous_5)
FNDA:0,(anonymous_6)
DA:34,0
DA:35,0
DA:36,0
DA:38,0
DA:39,0
DA:41,0
DA:43,0
DA:44,0
DA:46,0
DA:54,0
DA:58,0
DA:60,0
DA:65,0
DA:68,0
DA:69,0
DA:71,0
DA:73,0
DA:77,0
DA:86,0
DA:110,0
DA:123,0
DA:134,0
DA:137,0
DA:143,0
LF:24
LH:0
BRDA:68,0,0,0
BRDA:68,0,1,0
BRDA:90,1,0,0
BRDA:90,1,1,0
BRF:4
BRH:0
end_of_record
